[debug] [2024-07-12T17:43:31.457Z] ----------------------------------------------------------------------
[debug] [2024-07-12T17:43:31.461Z] Command:       C:\Program Files\nodejs\node.exe C:\Users\Lenovo\AppData\Roaming\npm\node_modules\firebase-tools\lib\bin\firebase.js init hosting
[debug] [2024-07-12T17:43:31.462Z] CLI Version:   13.13.2
[debug] [2024-07-12T17:43:31.462Z] Platform:      win32
[debug] [2024-07-12T17:43:31.462Z] Node Version:  v21.5.0
[debug] [2024-07-12T17:43:31.463Z] Time:          Fri Jul 12 2024 22:13:31 GMT+0430 (Afghanistan Time)
[debug] [2024-07-12T17:43:31.463Z] ----------------------------------------------------------------------
[debug] 
[debug] [2024-07-12T17:43:31.474Z] > command requires scopes: ["email","openid","https://www.googleapis.com/auth/cloudplatformprojects.readonly","https://www.googleapis.com/auth/firebase","https://www.googleapis.com/auth/cloud-platform"]
[debug] [2024-07-12T17:43:31.475Z] > authorizing via signed-in user (mirwais.sanaie@gmail.com)
[info] 
     ######## #### ########  ######## ########     ###     ######  ########
     ##        ##  ##     ## ##       ##     ##  ##   ##  ##       ##
     ######    ##  ########  ######   ########  #########  ######  ######
     ##        ##  ##    ##  ##       ##     ## ##     ##       ## ##
     ##       #### ##     ## ######## ########  ##     ##  ######  ########

You're about to initialize a Firebase project in this directory:

  D:\recipe-app\trainReact

[info] 
=== Project Setup
[info] 
[info] First, let's associate this project directory with a Firebase project.
[info] You can create multiple project aliases by running firebase use --add, 
[info] but for now we'll just set up a default project.
[info] 
[debug] [2024-07-12T17:43:41.814Z] >>> [apiv2][query] GET https://firebase.googleapis.com/v1beta1/projects pageSize=100
[debug] [2024-07-12T17:43:43.680Z] <<< [apiv2][status] GET https://firebase.googleapis.com/v1beta1/projects 200
[debug] [2024-07-12T17:43:43.680Z] <<< [apiv2][body] GET https://firebase.googleapis.com/v1beta1/projects [omitted]
[info] i  Using project recipe-app-aade5 (recipe-app) 
[info] 
=== Hosting Setup
[debug] [2024-07-12T17:43:47.075Z] >>> [apiv2][query] GET https://firebase.googleapis.com/v1beta1/projects/recipe-app-aade5 [none]
[debug] [2024-07-12T17:43:47.563Z] <<< [apiv2][status] GET https://firebase.googleapis.com/v1beta1/projects/recipe-app-aade5 200
[debug] [2024-07-12T17:43:47.564Z] <<< [apiv2][body] GET https://firebase.googleapis.com/v1beta1/projects/recipe-app-aade5 {"projectId":"recipe-app-aade5","projectNumber":"871578990045","displayName":"recipe-app","name":"projects/recipe-app-aade5","resources":{"hostingSite":"recipe-app-aade5"},"state":"ACTIVE","etag":"1_4bda8c54-c5d7-4de4-9975-b463d2afc4ff"}
[debug] [2024-07-12T17:44:49.827Z] Error: Command failed: npx --yes create-next-app@"12 - 14.0" -e hello-world N --use-npm --ts
    at genericNodeError (node:internal/errors:956:15)
    at wrappedFn (node:internal/errors:510:14)
    at checkExecSyncError (node:child_process:890:11)
    at execSync (node:child_process:962:15)
    at Object.init (C:\Users\Lenovo\AppData\Roaming\npm\node_modules\firebase-tools\lib\frameworks\next\index.js:204:34)
    at process.processTicksAndRejections (node:internal/process/task_queues:95:5)
    at async doSetup (C:\Users\Lenovo\AppData\Roaming\npm\node_modules\firebase-tools\lib\init\features\hosting\index.js:120:13)
    at async init (C:\Users\Lenovo\AppData\Roaming\npm\node_modules\firebase-tools\lib\init\index.js:40:9)
[error] 
[error] Error: An unexpected error has occurred.
